<?xml version="1.0" encoding="UTF-8" standalone="no"?>
<testsuite failures="0" name="cucumber.runtime.formatter.JUnitFormatter" skipped="0" tests="1" time="18.276385">
<testcase classname="HubSpot Home Page Actions" name="HubSpot Home Page scenario" time="18.276385">
<system-out><![CDATA[Given User is on base page..................................................passed
Then User quits the browser.................................................passed
]]></system-out>
</testcase>
</testsuite>
